d:\eyantra\task_1_1_beanfactory\task_1_1_beanfactory\ns_project\ns_task_1_project\ns_task_1\debug\vc141.pdb
d:\eyantra\task_1_1_beanfactory\task_1_1_beanfactory\ns_project\ns_task_1_project\ns_task_1\debug\vc141.idb
d:\eyantra\task_1_1_beanfactory\task_1_1_beanfactory\ns_project\ns_task_1_project\ns_task_1\debug\extapiplatform.obj
d:\eyantra\task_1_1_beanfactory\task_1_1_beanfactory\ns_project\ns_task_1_project\ns_task_1\debug\extapi.obj
d:\eyantra\task_1_1_beanfactory\task_1_1_beanfactory\ns_project\ns_task_1_project\ns_task_1\debug\dij.obj
d:\eyantra\task_1_1_beanfactory\task_1_1_beanfactory\ns_project\ns_task_1_project\ns_task_1\debug\ns_task_1_sandbox.obj
d:\eyantra\task_1_1_beanfactory\task_1_1_beanfactory\ns_project\ns_task_1_project\ns_task_1\debug\ns_task_1_predef.obj
d:\eyantra\task_1_1_beanfactory\task_1_1_beanfactory\ns_project\ns_task_1_project\ns_task_1\debug\ns_task_1.obj
d:\eyantra\task_1_1_beanfactory\task_1_1_beanfactory\ns_project\ns_task_1_project\debug\ns_task_1.exe
d:\eyantra\task_1_1_beanfactory\task_1_1_beanfactory\ns_project\ns_task_1_project\debug\ns_task_1.ilk
d:\eyantra\task_1_1_beanfactory\task_1_1_beanfactory\ns_project\ns_task_1_project\debug\ns_task_1.pdb
d:\eyantra\task_1_1_beanfactory\task_1_1_beanfactory\ns_project\ns_task_1_project\debug\ns_task_1.lib
d:\eyantra\task_1_1_beanfactory\task_1_1_beanfactory\ns_project\ns_task_1_project\debug\ns_task_1.exp
d:\eyantra\task_1_1_beanfactory\task_1_1_beanfactory\ns_project\ns_task_1_project\ns_task_1\debug\ns_task_1_sandbox.obj.enc
d:\eyantra\task_1_1_beanfactory\task_1_1_beanfactory\ns_project\ns_task_1_project\ns_task_1\debug\ns_task_1.tlog\cl.command.1.tlog
d:\eyantra\task_1_1_beanfactory\task_1_1_beanfactory\ns_project\ns_task_1_project\ns_task_1\debug\ns_task_1.tlog\cl.read.1.tlog
d:\eyantra\task_1_1_beanfactory\task_1_1_beanfactory\ns_project\ns_task_1_project\ns_task_1\debug\ns_task_1.tlog\cl.write.1.tlog
d:\eyantra\task_1_1_beanfactory\task_1_1_beanfactory\ns_project\ns_task_1_project\ns_task_1\debug\ns_task_1.tlog\link.command.1.tlog
d:\eyantra\task_1_1_beanfactory\task_1_1_beanfactory\ns_project\ns_task_1_project\ns_task_1\debug\ns_task_1.tlog\link.delete.1.tlog
d:\eyantra\task_1_1_beanfactory\task_1_1_beanfactory\ns_project\ns_task_1_project\ns_task_1\debug\ns_task_1.tlog\link.read.1.tlog
d:\eyantra\task_1_1_beanfactory\task_1_1_beanfactory\ns_project\ns_task_1_project\ns_task_1\debug\ns_task_1.tlog\link.write.1.tlog
d:\eyantra\task_1_1_beanfactory\task_1_1_beanfactory\ns_project\ns_task_1_project\ns_task_1\debug\ns_task_1.tlog\ns_task_1.write.1u.tlog
